<?xml version="1.0" encoding="UTF-8"?>
<!-- Generated by org.testng.reporters.JUnitReportReporter -->
<testsuite hostname="DESKTOP-HN1T3D4" failures="0" tests="1" name="org.yahoofinance.teslastock.TeslaStockTest" time="29.760" errors="0" timestamp="2025-02-28T08:54:51 IST" skipped="0">
  <testcase classname="org.yahoofinance.teslastock.TeslaStockTest" name="TeslaStock" time="29.760"/>
  <system-out>
    <![CDATA[1. Enter TSLA in search box --> <a target="_blank" href=C:\Users\Lenovo\eclipse-workspace\teslastock\test-output\screenshot\28022025085442.png>Screenshot</a>
2. Selected Tesla in the list and Navigated to Tesla Stock page! --> <a target="_blank" href=C:\Users\Lenovo\eclipse-workspace\teslastock\test-output\screenshot\28022025085447.png>Screenshot</a>
3. Got Tesla Stock value! : 281.95 --> <a target="_blank" href=C:\Users\Lenovo\eclipse-workspace\teslastock\test-output\screenshot\28022025085447.png>Screenshot</a>
Expected Result : Stock Price should be greater than 200!
Actual Result : Stock Price is greater than 200.00 : 281.95 --> <a target="_blank" href=C:\Users\Lenovo\eclipse-workspace\teslastock\test-output\screenshot\28022025085448.png>Screenshot</a>
4. Tesla Stock Info for Previous Close : 290.80 --> <a target="_blank" href=C:\Users\Lenovo\eclipse-workspace\teslastock\test-output\screenshot\28022025085450.png>Screenshot</a>
5. Tesla Stock Info for Volume : 100,955,606 --> <a target="_blank" href=C:\Users\Lenovo\eclipse-workspace\teslastock\test-output\screenshot\28022025085450.png>Screenshot</a>]]>
  </system-out>
</testsuite> <!-- org.yahoofinance.teslastock.TeslaStockTest -->
