<?xml version="1.0" encoding="UTF-8"?>
<!-- Generated by org.testng.reporters.JUnitReportReporter -->
<testsuite hostname="DESKTOP-HN1T3D4" failures="0" tests="1" name="org.yahoofinance.teslastock.TeslaStockTest" time="41.488" errors="0" timestamp="2025-02-27T21:14:50 IST" skipped="0">
  <testcase classname="org.yahoofinance.teslastock.TeslaStockTest" name="TeslaStock" time="41.488"/>
  <system-out>
    <![CDATA[1. Enter TSLA in search box --> <a target="_blank" href=C:\Users\Lenovo\eclipse-workspace\teslastock\test-output\screenshot\27022025091438.png>Screenshot</a>
2. Selected Tesla in the list and Navigated to Tesla Stock page! --> <a target="_blank" href=C:\Users\Lenovo\eclipse-workspace\teslastock\test-output\screenshot\27022025091445.png>Screenshot</a>
3. Got Tesla Stock value! : 291.96 --> <a target="_blank" href=C:\Users\Lenovo\eclipse-workspace\teslastock\test-output\screenshot\27022025091446.png>Screenshot</a>
Expected Result : Stock Price should be greater than 200!
Actual Result : Stock Price is greater than 200.00 : 291.96 --> <a target="_blank" href=C:\Users\Lenovo\eclipse-workspace\teslastock\test-output\screenshot\27022025091447.png>Screenshot</a>
Previous Close <<<--->>> 290.80
EPS (TTM) <<<--->>> 2.04
Ex-Dividend Date <<<--->>> --
52 Week Range <<<--->>> 138.80 - 488.54
Open <<<--->>> 291.00
Market Cap (intraday) <<<--->>> 939.562B
1y Target Est <<<--->>> 345.56
Volume <<<--->>> 38,273,879
PE Ratio (TTM) <<<--->>> 143.19
Beta (5Y Monthly) <<<--->>> 2.34
Day's Range <<<--->>> 280.88 - 297.23
Ask <<<--->>> 292.94 x 100
Bid <<<--->>> 292.00 x 100
Earnings Date <<<--->>> Apr 23, 2025 - May 3, 2025
Forward Dividend & Yield <<<--->>> --
Avg. Volume <<<--->>> 81,610,142
4. Tesla Stock Info for Previous Close : 290.80 --> <a target="_blank" href=C:\Users\Lenovo\eclipse-workspace\teslastock\test-output\screenshot\27022025091449.png>Screenshot</a>
5. Tesla Stock Info for Volume : 38,273,879 --> <a target="_blank" href=C:\Users\Lenovo\eclipse-workspace\teslastock\test-output\screenshot\27022025091449.png>Screenshot</a>]]>
  </system-out>
</testsuite> <!-- org.yahoofinance.teslastock.TeslaStockTest -->
