<?xml version="1.0" encoding="UTF-8"?>
<!-- Generated by org.testng.reporters.JUnitReportReporter -->
<testsuite hostname="DESKTOP-HN1T3D4" failures="0" tests="1" name="org.yahoofinance.teslastock.TeslaStockTest" time="28.366" errors="0" timestamp="2025-02-27T22:34:41 IST" skipped="0">
  <testcase classname="org.yahoofinance.teslastock.TeslaStockTest" name="TeslaStock" time="28.366"/>
  <system-out>
    <![CDATA[1. Enter TSLA in search box --> <a target="_blank" href=C:\Users\Lenovo\eclipse-workspace\teslastock\test-output\screenshot\27022025103432.png>Screenshot</a>
2. Selected Tesla in the list and Navigated to Tesla Stock page! --> <a target="_blank" href=C:\Users\Lenovo\eclipse-workspace\teslastock\test-output\screenshot\27022025103437.png>Screenshot</a>
3. Got Tesla Stock value! : 286.98 --> <a target="_blank" href=C:\Users\Lenovo\eclipse-workspace\teslastock\test-output\screenshot\27022025103439.png>Screenshot</a>
Expected Result : Stock Price should be greater than 200!
Actual Result : Stock Price is greater than 200.00 : 286.98 --> <a target="_blank" href=C:\Users\Lenovo\eclipse-workspace\teslastock\test-output\screenshot\27022025103439.png>Screenshot</a>
Previous Close <<<--->>> 290.80
EPS (TTM) <<<--->>> 2.04
Ex-Dividend Date <<<--->>> --
52 Week Range <<<--->>> 138.80 - 488.54
Open <<<--->>> 291.00
Market Cap (intraday) <<<--->>> 923.141B
1y Target Est <<<--->>> 345.56
Volume <<<--->>> 53,439,578
PE Ratio (TTM) <<<--->>> 140.69
Beta (5Y Monthly) <<<--->>> 2.34
Day's Range <<<--->>> 280.88 - 297.23
Ask <<<--->>> 295.00 x 900
Bid <<<--->>> 286.40 x 100
Earnings Date <<<--->>> Apr 23, 2025 - May 3, 2025
Forward Dividend & Yield <<<--->>> --
Avg. Volume <<<--->>> 81,610,142
4. Tesla Stock Info for Previous Close : 290.80 --> <a target="_blank" href=C:\Users\Lenovo\eclipse-workspace\teslastock\test-output\screenshot\27022025103440.png>Screenshot</a>
5. Tesla Stock Info for Volume : 53,439,578 --> <a target="_blank" href=C:\Users\Lenovo\eclipse-workspace\teslastock\test-output\screenshot\27022025103440.png>Screenshot</a>]]>
  </system-out>
</testsuite> <!-- org.yahoofinance.teslastock.TeslaStockTest -->
