<?xml version="1.0" encoding="UTF-8"?>
<!-- Generated by org.testng.reporters.JUnitReportReporter -->
<testsuite hostname="DESKTOP-HN1T3D4" failures="0" tests="1" name="org.yahoofinance.teslastock.NewTest" time="45.581" errors="0" timestamp="2025-02-27T20:03:15 IST" skipped="0">
  <testcase classname="org.yahoofinance.teslastock.NewTest" name="TeslaStock" time="45.581"/>
  <system-out>
    <![CDATA[1. Enter TSLA in search box --> <a target="_blank" href=C:\Users\Lenovo\eclipse-workspace\teslastock\test-output\screenshot\27022025080307.png>Screenshot</a>
2. Selected Tesla in the list and Navigated to Tesla Stock page! --> <a target="_blank" href=C:\Users\Lenovo\eclipse-workspace\teslastock\test-output\screenshot\27022025080311.png>Screenshot</a>
3. Got Tesla Stock value! : 295.36 --> <a target="_blank" href=C:\Users\Lenovo\eclipse-workspace\teslastock\test-output\screenshot\27022025080311.png>Screenshot</a>
Expected Result : Stock Price should be greater than 200!
Actual Result : Stock Price is greater than 200.00 : 295.36 --> <a target="_blank" href=C:\Users\Lenovo\eclipse-workspace\teslastock\test-output\screenshot\27022025080311.png>Screenshot</a>]]>
  </system-out>
</testsuite> <!-- org.yahoofinance.teslastock.NewTest -->
