<?xml version="1.0" encoding="UTF-8"?>
<!-- Generated by org.testng.reporters.JUnitReportReporter -->
<testsuite hostname="DESKTOP-HN1T3D4" failures="0" tests="1" name="org.yahoofinance.teslastock.TeslaStockTest" time="45.367" errors="0" timestamp="2025-02-27T23:34:18 IST" skipped="0">
  <testcase classname="org.yahoofinance.teslastock.TeslaStockTest" name="TeslaStock" time="45.367"/>
  <system-out>
    <![CDATA[1. Enter TSLA in search box --> <a target="_blank" href=C:\Users\Lenovo\eclipse-workspace\teslastock\test-output\screenshot\27022025113410.png>Screenshot</a>
2. Selected Tesla in the list and Navigated to Tesla Stock page! --> <a target="_blank" href=C:\Users\Lenovo\eclipse-workspace\teslastock\test-output\screenshot\27022025113413.png>Screenshot</a>
3. Got Tesla Stock value! : 289.65 --> <a target="_blank" href=C:\Users\Lenovo\eclipse-workspace\teslastock\test-output\screenshot\27022025113416.png>Screenshot</a>
Expected Result : Stock Price should be greater than 200!
Actual Result : Stock Price is greater than 200.00 : 289.65 --> <a target="_blank" href=C:\Users\Lenovo\eclipse-workspace\teslastock\test-output\screenshot\27022025113416.png>Screenshot</a>
4. Tesla Stock Info for Previous Close : 290.80 --> <a target="_blank" href=C:\Users\Lenovo\eclipse-workspace\teslastock\test-output\screenshot\27022025113417.png>Screenshot</a>
5. Tesla Stock Info for Volume : 63,301,920 --> <a target="_blank" href=C:\Users\Lenovo\eclipse-workspace\teslastock\test-output\screenshot\27022025113417.png>Screenshot</a>]]>
  </system-out>
</testsuite> <!-- org.yahoofinance.teslastock.TeslaStockTest -->
